<?xml version="1.0" encoding="UTF-8"?>
<testng-results skipped="0" failed="0" ignored="0" total="1" passed="1">
  <reporter-output>
  </reporter-output>
  <suite name="Default suite" duration-ms="39344" started-at="2020-09-06T10:41:15 IST" finished-at="2020-09-06T10:41:54 IST">
    <groups>
    </groups>
    <test name="Default test" duration-ms="39344" started-at="2020-09-06T10:41:15 IST" finished-at="2020-09-06T10:41:54 IST">
      <class name="Testcase.LoginPage">
        <test-method status="PASS" signature="Login()[pri:0, instance:Testcase.LoginPage@610694f1]" name="Login" duration-ms="39217" started-at="2020-09-06T10:41:15 IST" finished-at="2020-09-06T10:41:54 IST">
          <reporter-output>
          </reporter-output>
        </test-method> <!-- Login -->
      </class> <!-- Testcase.LoginPage -->
    </test> <!-- Default test -->
  </suite> <!-- Default suite -->
</testng-results>
